L:\2013SPRING\CS559\PROJECT2_REPO\DEBUG\PROJECT2.EXE
L:\2013SPRING\CS559\PROJECT2_REPO\DEBUG\PROJECT2.ILK
L:\2013SPRING\CS559\PROJECT2_REPO\DEBUG\PROJECT2.PDB
L:\2013SPRING\CS559\PROJECT2_REPO\PROJECT2\DEBUG\AXES.OBJ
L:\2013SPRING\CS559\PROJECT2_REPO\PROJECT2\DEBUG\BAR.OBJ
L:\2013SPRING\CS559\PROJECT2_REPO\PROJECT2\DEBUG\CAN.OBJ
L:\2013Spring\CS559\project2_repo\Project2\Debug\cl.command.1.tlog
L:\2013Spring\CS559\project2_repo\Project2\Debug\CL.read.1.tlog
L:\2013Spring\CS559\project2_repo\Project2\Debug\CL.write.1.tlog
L:\2013SPRING\CS559\PROJECT2_REPO\PROJECT2\DEBUG\ENVIRONMENT.OBJ
L:\2013SPRING\CS559\PROJECT2_REPO\PROJECT2\DEBUG\GRID.OBJ
L:\2013Spring\CS559\project2_repo\Project2\Debug\link.1052.read.1.tlog
L:\2013Spring\CS559\project2_repo\Project2\Debug\link.1052.write.1.tlog
L:\2013Spring\CS559\project2_repo\Project2\Debug\link.1052-cvtres.read.1.tlog
L:\2013Spring\CS559\project2_repo\Project2\Debug\link.1052-cvtres.write.1.tlog
L:\2013Spring\CS559\project2_repo\Project2\Debug\link.5836.read.1.tlog
L:\2013Spring\CS559\project2_repo\Project2\Debug\link.5836.write.1.tlog
L:\2013Spring\CS559\project2_repo\Project2\Debug\link.5836-cvtres.read.1.tlog
L:\2013Spring\CS559\project2_repo\Project2\Debug\link.5836-cvtres.write.1.tlog
L:\2013Spring\CS559\project2_repo\Project2\Debug\link.command.1.tlog
L:\2013Spring\CS559\project2_repo\Project2\Debug\link.read.1.tlog
L:\2013Spring\CS559\project2_repo\Project2\Debug\link.write.1.tlog
L:\2013Spring\CS559\project2_repo\Project2\Debug\link-cvtres.read.1.tlog
L:\2013Spring\CS559\project2_repo\Project2\Debug\link-cvtres.write.1.tlog
L:\2013SPRING\CS559\PROJECT2_REPO\PROJECT2\DEBUG\MAIN.OBJ
L:\2013Spring\CS559\project2_repo\Project2\Debug\mt.command.1.tlog
L:\2013Spring\CS559\project2_repo\Project2\Debug\mt.read.1.tlog
L:\2013Spring\CS559\project2_repo\Project2\Debug\mt.write.1.tlog
L:\2013SPRING\CS559\PROJECT2_REPO\PROJECT2\DEBUG\OBJECT.OBJ
L:\2013SPRING\CS559\PROJECT2_REPO\PROJECT2\DEBUG\PERSON.OBJ
L:\2013SPRING\CS559\PROJECT2_REPO\PROJECT2\DEBUG\PROJECT2.EXE.EMBED.MANIFEST
L:\2013SPRING\CS559\PROJECT2_REPO\PROJECT2\DEBUG\PROJECT2.EXE.EMBED.MANIFEST.RES
L:\2013SPRING\CS559\PROJECT2_REPO\PROJECT2\DEBUG\PROJECT2.EXE.INTERMEDIATE.MANIFEST
L:\2013Spring\CS559\project2_repo\Project2\Debug\Project2.write.1.tlog
L:\2013Spring\CS559\project2_repo\Project2\Debug\Project2_manifest.rc
L:\2013Spring\CS559\project2_repo\Project2\Debug\rc.command.1.tlog
L:\2013Spring\CS559\project2_repo\Project2\Debug\rc.read.1.tlog
L:\2013Spring\CS559\project2_repo\Project2\Debug\rc.write.1.tlog
L:\2013SPRING\CS559\PROJECT2_REPO\PROJECT2\DEBUG\SHADER.OBJ
L:\2013SPRING\CS559\PROJECT2_REPO\PROJECT2\DEBUG\SHAPES.OBJ
L:\2013SPRING\CS559\PROJECT2_REPO\PROJECT2\DEBUG\STOOL.OBJ
L:\2013Spring\CS559\project2_repo\Project2\Debug\vc100.idb
L:\2013SPRING\CS559\PROJECT2_REPO\PROJECT2\DEBUG\VC100.PDB
L:\2013SPRING\CS559\PROJECT2_REPO\PROJECT2\DEBUG\VECTOREXTENSIONS.OBJ
L:\2013SPRING\CS559\PROJECT2_REPO\PROJECT2\DEBUG\VERTEXATTRIBUTES.OBJ
L:\2013SPRING\CS559\PROJECT2_REPO\PROJECT2\DEBUG\WALLS.OBJ
