Build started 3/17/2013 8:02:43 AM.
     1>Project "C:\Users\Garret\Documents\School\CS 559\CS-559-Project2\Project2\Project2.vcxproj" on node 2 (build target(s)).
     1>InitializeBuildStatus:
         Creating "Debug\Project2.unsuccessfulbuild" because "AlwaysCreate" was specified.
       ClCompile:
         All outputs are up-to-date.
       ManifestResourceCompile:
         All outputs are up-to-date.
       Link:
         All outputs are up-to-date.
         C:\Program Files (x86)\Microsoft Visual Studio 10.0\VC\bin\link.exe /ERRORREPORT:PROMPT /OUT:"C:\Users\Garret\Documents\School\CS 559\CS-559-Project2\Debug\Project2.exe" /INCREMENTAL /NOLOGO /LIBPATH:"C:\Program Files (x86)\glm-0.9.3.4" /LIBPATH:"C:\Program Files (x86)\FreeGLUT\lib" /LIBPATH:"C:\Program Files (x86)\glew-1.7.0\lib" freeglut.lib glew32.lib kernel32.lib user32.lib gdi32.lib winspool.lib comdlg32.lib advapi32.lib shell32.lib ole32.lib oleaut32.lib uuid.lib odbc32.lib odbccp32.lib /MANIFEST /ManifestFile:"Debug\Project2.exe.intermediate.manifest" /MANIFESTUAC:"level='asInvoker' uiAccess='false'" /DEBUG /PDB:"C:\Users\Garret\Documents\School\CS 559\CS-559-Project2\Debug\Project2.pdb" /SUBSYSTEM:CONSOLE /TLBID:1 /DYNAMICBASE /NXCOMPAT /IMPLIB:"C:\Users\Garret\Documents\School\CS 559\CS-559-Project2\Debug\Project2.lib" /MACHINE:X86 Debug\Project2.exe.embed.manifest.res
         Debug\main.obj
         Debug\object.obj
         Debug\shader.obj
         Debug\shapes.obj
         Debug\Stool.obj
         Debug\vectorExtensions.obj
         Debug\vertexattributes.obj
       Manifest:
         C:\Program Files (x86)\Microsoft SDKs\Windows\v7.0A\bin\mt.exe /nologo /verbose /out:"Debug\Project2.exe.embed.manifest" /manifest Debug\Project2.exe.intermediate.manifest
         All outputs are up-to-date.
       LinkEmbedManifest:
         All outputs are up-to-date.
         Project2.vcxproj -> C:\Users\Garret\Documents\School\CS 559\CS-559-Project2\Debug\Project2.exe
       FinalizeBuildStatus:
         Deleting file "Debug\Project2.unsuccessfulbuild".
         Touching "Debug\Project2.lastbuildstate".
     1>Done Building Project "C:\Users\Garret\Documents\School\CS 559\CS-559-Project2\Project2\Project2.vcxproj" (build target(s)).

Build succeeded.

Time Elapsed 00:00:01.64
